[debug] [2024-09-14T11:36:34.096Z] ----------------------------------------------------------------------
[debug] [2024-09-14T11:36:34.108Z] Command:       C:\Program Files\nodejs\node.exe C:\Users\HP\AppData\Roaming\npm\node_modules\firebase-tools\lib\bin\firebase.js deploy
[debug] [2024-09-14T11:36:34.109Z] CLI Version:   13.17.0
[debug] [2024-09-14T11:36:34.110Z] Platform:      win32
[debug] [2024-09-14T11:36:34.110Z] Node Version:  v22.5.1
[debug] [2024-09-14T11:36:34.111Z] Time:          Sat Sep 14 2024 16:36:34 GMT+0500 (Pakistan Standard Time)
[debug] [2024-09-14T11:36:34.111Z] ----------------------------------------------------------------------
[debug] 
[debug] [2024-09-14T11:36:34.263Z] > command requires scopes: ["email","openid","https://www.googleapis.com/auth/cloudplatformprojects.readonly","https://www.googleapis.com/auth/firebase","https://www.googleapis.com/auth/cloud-platform"]
[debug] [2024-09-14T11:36:34.263Z] > authorizing via signed-in user (ubaidabbasi291@gmail.com)
[debug] [2024-09-14T11:36:34.264Z] [iam] checking project newsapp-project-c86a7 for permissions ["firebase.projects.get","firebasehosting.sites.update"]
[debug] [2024-09-14T11:36:34.267Z] >>> [apiv2][query] POST https://cloudresourcemanager.googleapis.com/v1/projects/newsapp-project-c86a7:testIamPermissions [none]
[debug] [2024-09-14T11:36:34.267Z] >>> [apiv2][(partial)header] POST https://cloudresourcemanager.googleapis.com/v1/projects/newsapp-project-c86a7:testIamPermissions x-goog-quota-user=projects/newsapp-project-c86a7
[debug] [2024-09-14T11:36:34.267Z] >>> [apiv2][body] POST https://cloudresourcemanager.googleapis.com/v1/projects/newsapp-project-c86a7:testIamPermissions {"permissions":["firebase.projects.get","firebasehosting.sites.update"]}
[debug] [2024-09-14T11:36:36.763Z] <<< [apiv2][status] POST https://cloudresourcemanager.googleapis.com/v1/projects/newsapp-project-c86a7:testIamPermissions 200
[debug] [2024-09-14T11:36:36.765Z] <<< [apiv2][body] POST https://cloudresourcemanager.googleapis.com/v1/projects/newsapp-project-c86a7:testIamPermissions {"permissions":["firebase.projects.get","firebasehosting.sites.update"]}
[debug] [2024-09-14T11:36:36.770Z] >>> [apiv2][query] GET https://firebase.googleapis.com/v1beta1/projects/newsapp-project-c86a7 [none]
[debug] [2024-09-14T11:36:37.563Z] <<< [apiv2][status] GET https://firebase.googleapis.com/v1beta1/projects/newsapp-project-c86a7 200
[debug] [2024-09-14T11:36:37.564Z] <<< [apiv2][body] GET https://firebase.googleapis.com/v1beta1/projects/newsapp-project-c86a7 {"projectId":"newsapp-project-c86a7","projectNumber":"525662687923","displayName":"NEWSAPP PROJECT","name":"projects/newsapp-project-c86a7","resources":{"hostingSite":"newsapp-project-c86a7"},"state":"ACTIVE","etag":"1_829dbd3e-fa7e-4fe8-ad31-3de55fa38246"}
[info] 
[info] === Deploying to 'newsapp-project-c86a7'...
[info] 
[info] i  deploying hosting 
[debug] [2024-09-14T11:36:37.608Z] >>> [apiv2][query] POST https://firebasehosting.googleapis.com/v1beta1/projects/-/sites/newsapp-project-c86a7/versions [none]
[debug] [2024-09-14T11:36:37.608Z] >>> [apiv2][body] POST https://firebasehosting.googleapis.com/v1beta1/projects/-/sites/newsapp-project-c86a7/versions {"status":"CREATED","labels":{"deployment-tool":"cli-firebase"}}
